{"C:\\Users\\Niklas Faurholt\\Desktop\\skole\\SmartMad\\server\\jest.config.mjs": {"path":"C:\\Users\\Niklas Faurholt\\Desktop\\skole\\SmartMad\\server\\jest.config.mjs","statementMap":{"0":{"start":{"line":7,"column":15},"end":{"line":196,"column":1}}},"fnMap":{},"branchMap":{"0":{"loc":{"start":{"line":210,"column":22},"end":{"line":210,"column":96}},"type":"cond-expr","locations":[{"start":{"line":210,"column":64},"end":{"line":210,"column":91}},{"start":{"line":210,"column":94},"end":{"line":210,"column":96}}],"line":210}},"s":{"0":0},"f":{},"b":{"0":[0,0]},"inputSourceMap":null}
,"C:\\Users\\Niklas Faurholt\\Desktop\\skole\\SmartMad\\server\\whitebox\\calculator.js": {"path":"C:\\Users\\Niklas Faurholt\\Desktop\\skole\\SmartMad\\server\\whitebox\\calculator.js","statementMap":{"0":{"start":{"line":3,"column":6},"end":{"line":3,"column":19}},"1":{"start":{"line":7,"column":6},"end":{"line":7,"column":19}},"2":{"start":{"line":11,"column":6},"end":{"line":11,"column":19}},"3":{"start":{"line":15,"column":6},"end":{"line":17,"column":7}},"4":{"start":{"line":16,"column":8},"end":{"line":16,"column":44}},"5":{"start":{"line":18,"column":6},"end":{"line":18,"column":19}},"6":{"start":{"line":22,"column":6},"end":{"line":33,"column":7}},"7":{"start":{"line":24,"column":10},"end":{"line":24,"column":32}},"8":{"start":{"line":26,"column":10},"end":{"line":26,"column":37}},"9":{"start":{"line":28,"column":10},"end":{"line":28,"column":37}},"10":{"start":{"line":30,"column":10},"end":{"line":30,"column":35}},"11":{"start":{"line":32,"column":10},"end":{"line":32,"column":47}},"12":{"start":{"line":37,"column":6},"end":{"line":39,"column":7}},"13":{"start":{"line":38,"column":8},"end":{"line":38,"column":56}},"14":{"start":{"line":40,"column":19},"end":{"line":40,"column":20}},"15":{"start":{"line":41,"column":6},"end":{"line":43,"column":7}},"16":{"start":{"line":41,"column":19},"end":{"line":41,"column":20}},"17":{"start":{"line":42,"column":8},"end":{"line":42,"column":20}},"18":{"start":{"line":44,"column":6},"end":{"line":44,"column":20}}},"fnMap":{"0":{"name":"(anonymous_0)","decl":{"start":{"line":2,"column":4},"end":{"line":2,"column":5}},"loc":{"start":{"line":2,"column":14},"end":{"line":4,"column":5}},"line":2},"1":{"name":"(anonymous_1)","decl":{"start":{"line":6,"column":4},"end":{"line":6,"column":5}},"loc":{"start":{"line":6,"column":19},"end":{"line":8,"column":5}},"line":6},"2":{"name":"(anonymous_2)","decl":{"start":{"line":10,"column":4},"end":{"line":10,"column":5}},"loc":{"start":{"line":10,"column":19},"end":{"line":12,"column":5}},"line":10},"3":{"name":"(anonymous_3)","decl":{"start":{"line":14,"column":4},"end":{"line":14,"column":5}},"loc":{"start":{"line":14,"column":17},"end":{"line":19,"column":5}},"line":14},"4":{"name":"(anonymous_4)","decl":{"start":{"line":21,"column":4},"end":{"line":21,"column":5}},"loc":{"start":{"line":21,"column":31},"end":{"line":34,"column":5}},"line":21},"5":{"name":"(anonymous_5)","decl":{"start":{"line":36,"column":4},"end":{"line":36,"column":5}},"loc":{"start":{"line":36,"column":17},"end":{"line":45,"column":5}},"line":36}},"branchMap":{"0":{"loc":{"start":{"line":15,"column":6},"end":{"line":17,"column":7}},"type":"if","locations":[{"start":{"line":15,"column":6},"end":{"line":17,"column":7}},{"start":{},"end":{}}],"line":15},"1":{"loc":{"start":{"line":22,"column":6},"end":{"line":33,"column":7}},"type":"switch","locations":[{"start":{"line":23,"column":8},"end":{"line":24,"column":32}},{"start":{"line":25,"column":8},"end":{"line":26,"column":37}},{"start":{"line":27,"column":8},"end":{"line":28,"column":37}},{"start":{"line":29,"column":8},"end":{"line":30,"column":35}},{"start":{"line":31,"column":8},"end":{"line":32,"column":47}}],"line":22},"2":{"loc":{"start":{"line":37,"column":6},"end":{"line":39,"column":7}},"type":"if","locations":[{"start":{"line":37,"column":6},"end":{"line":39,"column":7}},{"start":{},"end":{}}],"line":37}},"s":{"0":2,"1":2,"2":2,"3":3,"4":1,"5":2,"6":9,"7":2,"8":2,"9":2,"10":2,"11":1,"12":3,"13":1,"14":2,"15":2,"16":2,"17":5,"18":2},"f":{"0":2,"1":2,"2":2,"3":3,"4":9,"5":3},"b":{"0":[1,2],"1":[2,2,2,2,1],"2":[1,2]},"_coverageSchema":"1a1c01bbd47fc00a2c39e90264f33305004495a9","hash":"703ea7885582626e1d4b5c0df8b85d965422c250"}
}
