TN:
SF:AI\gemini.js
FN:13,initializeAI
FN:19,readJSONFile
FN:34,cleanText
FN:41,generateRecipe
FN:74,generateResponseForUser
FNF:5
FNH:5
FNDA:6,initializeAI
FNDA:5,readJSONFile
FNDA:2,cleanText
FNDA:4,generateRecipe
FNDA:2,generateResponseForUser
DA:7,1
DA:9,1
DA:10,1
DA:14,6
DA:15,6
DA:20,5
DA:21,5
DA:22,5
DA:23,5
DA:25,5
DA:26,5
DA:27,4
DA:29,1
DA:30,1
DA:35,2
DA:36,1
DA:38,1
DA:42,4
DA:43,4
DA:45,4
DA:46,1
DA:49,3
DA:51,3
DA:52,3
DA:54,3
DA:57,3
DA:58,3
DA:60,1
DA:61,1
DA:64,2
DA:65,2
DA:67,2
DA:68,2
DA:75,2
DA:77,2
DA:79,2
DA:80,2
DA:82,2
DA:85,2
DA:86,2
DA:88,2
DA:89,2
DA:92,0
DA:93,0
DA:95,2
DA:96,2
LF:46
LH:44
BRDA:35,0,0,1
BRDA:35,0,1,1
BRDA:45,1,0,1
BRDA:45,1,1,3
BRF:4
BRH:4
end_of_record
TN:
SF:auth\authHelpers.js
FN:4,(anonymous_0)
FN:8,(anonymous_1)
FN:17,(anonymous_2)
FN:33,(anonymous_3)
FN:37,(anonymous_4)
FN:41,(anonymous_5)
FNF:6
FNH:6
FNDA:1,(anonymous_0)
FNDA:2,(anonymous_1)
FNDA:2,(anonymous_2)
FNDA:1,(anonymous_3)
FNDA:1,(anonymous_4)
FNDA:3,(anonymous_5)
DA:4,1
DA:5,1
DA:8,1
DA:9,2
DA:10,1
DA:11,1
DA:14,1
DA:17,1
DA:18,2
DA:19,1
DA:20,1
DA:23,1
DA:24,1
DA:25,1
DA:27,0
DA:28,0
DA:33,1
DA:34,1
DA:37,1
DA:38,1
DA:41,1
DA:42,3
DA:43,1
DA:44,2
DA:45,1
DA:47,1
LF:26
LH:24
BRDA:9,0,0,1
BRDA:9,0,1,1
BRDA:9,1,0,2
BRDA:9,1,1,2
BRDA:18,2,0,1
BRDA:18,2,1,1
BRDA:18,3,0,2
BRDA:18,3,1,2
BRDA:37,4,0,1
BRDA:42,5,0,1
BRDA:42,5,1,2
BRDA:42,6,0,3
BRDA:42,6,1,1
BRDA:44,7,0,1
BRDA:44,7,1,1
BRDA:44,8,0,2
BRDA:44,8,1,2
BRF:17
BRH:17
end_of_record
TN:
SF:auth\redisOperations.js
FN:18,(anonymous_0)
FN:31,(anonymous_1)
FN:44,(anonymous_2)
FNF:3
FNH:3
FNDA:2,(anonymous_0)
FNDA:4,(anonymous_1)
FNDA:2,(anonymous_2)
DA:4,1
DA:5,1
DA:18,1
DA:19,2
DA:20,2
DA:22,1
DA:23,1
DA:31,1
DA:32,4
DA:33,4
DA:35,1
DA:36,1
DA:44,1
DA:45,2
DA:46,2
DA:47,2
DA:49,0
DA:50,0
LF:18
LH:16
BRF:0
BRH:0
end_of_record
TN:
SF:prisma\client.js
FNF:0
FNH:0
DA:4,4
LF:1
LH:1
BRF:0
BRH:0
end_of_record
TN:
SF:service\userService.js
FN:6,findUserByEmail
FN:15,findUserById
FN:21,findUserByToken
FN:32,createUser
FN:49,(anonymous_4)
FN:57,(anonymous_5)
FN:68,softDeleteUserById
FN:81,deleteUserPermanently
FNF:8
FNH:0
FNDA:0,findUserByEmail
FNDA:0,findUserById
FNDA:0,findUserByToken
FNDA:0,createUser
FNDA:0,(anonymous_4)
FNDA:0,(anonymous_5)
FNDA:0,softDeleteUserById
FNDA:0,deleteUserPermanently
DA:4,1
DA:7,0
DA:8,0
DA:11,0
DA:12,0
DA:16,0
DA:17,0
DA:22,0
DA:23,0
DA:24,0
DA:25,0
DA:27,0
DA:28,0
DA:33,0
DA:36,0
DA:37,0
DA:39,0
DA:46,0
DA:49,1
DA:50,0
DA:51,0
DA:53,0
DA:57,1
DA:58,0
DA:59,0
DA:64,0
DA:69,0
DA:70,0
DA:71,0
DA:76,0
DA:77,0
DA:82,0
DA:83,0
DA:87,0
DA:88,0
LF:35
LH:3
BRDA:36,0,0,0
BRDA:36,0,1,0
BRF:2
BRH:0
end_of_record
