TN:
SF:..\jest.config.mjs
FNF:0
FNH:0
DA:7,0
LF:1
LH:0
BRDA:210,0,0,0
BRDA:210,0,1,0
BRF:2
BRH:0
end_of_record
TN:
SF:calculator.js
FN:2,(anonymous_0)
FN:6,(anonymous_1)
FN:10,(anonymous_2)
FN:14,(anonymous_3)
FN:21,(anonymous_4)
FN:36,(anonymous_5)
FNF:6
FNH:6
FNDA:2,(anonymous_0)
FNDA:2,(anonymous_1)
FNDA:2,(anonymous_2)
FNDA:3,(anonymous_3)
FNDA:9,(anonymous_4)
FNDA:3,(anonymous_5)
DA:3,2
DA:7,2
DA:11,2
DA:15,3
DA:16,1
DA:18,2
DA:22,9
DA:24,2
DA:26,2
DA:28,2
DA:30,2
DA:32,1
DA:37,3
DA:38,1
DA:40,2
DA:41,2
DA:42,5
DA:44,2
LF:18
LH:18
BRDA:15,0,0,1
BRDA:15,0,1,2
BRDA:22,1,0,2
BRDA:22,1,1,2
BRDA:22,1,2,2
BRDA:22,1,3,2
BRDA:22,1,4,1
BRDA:37,2,0,1
BRDA:37,2,1,2
BRF:9
BRH:9
end_of_record
